<?xml version="1.0" encoding="UTF-8"?>
<testsuite xmlns:xsi="http://www.w3.org/2001/XMLSchema-instance" xsi:noNamespaceSchemaLocation="https://maven.apache.org/surefire/maven-surefire-plugin/xsd/surefire-test-report-3.0.xsd" version="3.0" name="JUnit.TesteAplicacao" time="0.89" tests="12" errors="0" skipped="0" failures="1">
  <properties>
[...]
</properties>
  <testcase name="SaveProdutoComNomeNulo" classname="JUnit.TesteAplicacao" time="0.579">
    <system-out><![CDATA[Falha ao cadastrar produto. Verifique as informações fornecidas.
]]></system-out>
    <system-err><![CDATA[Loading class `com.mysql.jdbc.Driver'. This is deprecated. The new driver class is `com.mysql.cj.jdbc.Driver'. The driver is automatically registered via the SPI and manual loading of the driver class is generally unnecessary.
]]></system-err>
  </testcase>
  <testcase name="CadastrarNovoCliente" classname="JUnit.TesteAplicacao" time="0.051">
    <system-out><![CDATA[Cliente salvo com sucesso!
]]></system-out>
  </testcase>
  <testcase name="GetProdutos" classname="JUnit.TesteAplicacao" time="0.012"/>
  <testcase name="ExibirProdutos" classname="JUnit.TesteAplicacao" time="0.013">
    <system-out><![CDATA[Produto: Bola Branca
Produto: Bola Azul
Produto: Bola Rosa
]]></system-out>
  </testcase>
  <testcase name="ExibirVendedores" classname="JUnit.TesteAplicacao" time="0.013">
    <system-out><![CDATA[Vendedor: William Bonner
Vendedor: Jose almeida
Vendedor: Jinsvisks
Vendedor: Jinsvisks
Vendedor: Jinsvisks
]]></system-out>
  </testcase>
  <testcase name="CadastrarNovoClienteComInformacoesInvalidas" classname="JUnit.TesteAplicacao" time="0.033">
    <system-err><![CDATA[java.lang.NullPointerException: Cannot invoke "java.util.Date.getTime()" because the return value of "model.Cliente.getDataCadastro()" is null
	at dao.ClienteDAO.saveCliente(ClienteDAO.java:34)
	at aplicacao.aplicacao.cadastrarNovoClienteComInformacoesInvalidas(aplicacao.java:84)
	at JUnit.TesteAplicacao.CadastrarNovoClienteComInformacoesInvalidas(TesteAplicacao.java:71)
	at java.base/jdk.internal.reflect.DirectMethodHandleAccessor.invoke(DirectMethodHandleAccessor.java:103)
	at java.base/java.lang.reflect.Method.invoke(Method.java:580)
	at org.junit.runners.model.FrameworkMethod$1.runReflectiveCall(FrameworkMethod.java:59)
	at org.junit.internal.runners.model.ReflectiveCallable.run(ReflectiveCallable.java:12)
	at org.junit.runners.model.FrameworkMethod.invokeExplosively(FrameworkMethod.java:56)
	at org.junit.internal.runners.statements.InvokeMethod.evaluate(InvokeMethod.java:17)
	at org.junit.runners.ParentRunner$3.evaluate(ParentRunner.java:306)
	at org.junit.runners.BlockJUnit4ClassRunner$1.evaluate(BlockJUnit4ClassRunner.java:100)
	at org.junit.runners.ParentRunner.runLeaf(ParentRunner.java:366)
	at org.junit.runners.BlockJUnit4ClassRunner.runChild(BlockJUnit4ClassRunner.java:103)
	at org.junit.runners.BlockJUnit4ClassRunner.runChild(BlockJUnit4ClassRunner.java:63)
	at org.junit.runners.ParentRunner$4.run(ParentRunner.java:331)
	at org.junit.runners.ParentRunner$1.schedule(ParentRunner.java:79)
	at org.junit.runners.ParentRunner.runChildren(ParentRunner.java:329)
	at org.junit.runners.ParentRunner.access$100(ParentRunner.java:66)
	at org.junit.runners.ParentRunner$2.evaluate(ParentRunner.java:293)
	at org.junit.runners.ParentRunner$3.evaluate(ParentRunner.java:306)
	at org.junit.runners.ParentRunner.run(ParentRunner.java:413)
	at org.apache.maven.surefire.junit4.JUnit4Provider.execute(JUnit4Provider.java:316)
	at org.apache.maven.surefire.junit4.JUnit4Provider.executeWithRerun(JUnit4Provider.java:240)
	at org.apache.maven.surefire.junit4.JUnit4Provider.executeTestSet(JUnit4Provider.java:214)
	at org.apache.maven.surefire.junit4.JUnit4Provider.invoke(JUnit4Provider.java:155)
	at org.apache.maven.surefire.booter.ForkedBooter.runSuitesInProcess(ForkedBooter.java:385)
	at org.apache.maven.surefire.booter.ForkedBooter.execute(ForkedBooter.java:162)
	at org.apache.maven.surefire.booter.ForkedBooter.run(ForkedBooter.java:507)
	at org.apache.maven.surefire.booter.ForkedBooter.main(ForkedBooter.java:495)
]]></system-err>
  </testcase>
  <testcase name="SalvarProdutoComPrecoZero" classname="JUnit.TesteAplicacao" time="0.025">
    <system-out><![CDATA[Falha ao cadastrar produto. Verifique as informações fornecidas.
]]></system-out>
  </testcase>
  <testcase name="GetClientes" classname="JUnit.TesteAplicacao" time="0.009"/>
  <testcase name="ExibirClientes" classname="JUnit.TesteAplicacao" time="0.012">
    <system-out><![CDATA[Cliente: Maria Gabriela Dias
Cliente: Ze da manga
Cliente: Filomena
Cliente: Godofreudo
]]></system-out>
  </testcase>
  <testcase name="CadastrarNovoProduto" classname="JUnit.TesteAplicacao" time="0.029">
    <system-out><![CDATA[Produto cadastrado com sucesso
]]></system-out>
  </testcase>
  <testcase name="CadastrarNovoVendedor" classname="JUnit.TesteAplicacao" time="0.034">
    <failure message="expected:&lt;5&gt; but was:&lt;6&gt;" type="java.lang.AssertionError"><![CDATA[java.lang.AssertionError: expected:<5> but was:<6>
	at org.junit.Assert.fail(Assert.java:89)
	at org.junit.Assert.failNotEquals(Assert.java:835)
	at org.junit.Assert.assertEquals(Assert.java:647)
	at org.junit.Assert.assertEquals(Assert.java:633)
	at JUnit.TesteAplicacao.CadastrarNovoVendedor(TesteAplicacao.java:42)
	at java.base/jdk.internal.reflect.DirectMethodHandleAccessor.invoke(DirectMethodHandleAccessor.java:103)
	at java.base/java.lang.reflect.Method.invoke(Method.java:580)
	at org.junit.runners.model.FrameworkMethod$1.runReflectiveCall(FrameworkMethod.java:59)
	at org.junit.internal.runners.model.ReflectiveCallable.run(ReflectiveCallable.java:12)
	at org.junit.runners.model.FrameworkMethod.invokeExplosively(FrameworkMethod.java:56)
	at org.junit.internal.runners.statements.InvokeMethod.evaluate(InvokeMethod.java:17)
	at org.junit.runners.ParentRunner$3.evaluate(ParentRunner.java:306)
	at org.junit.runners.BlockJUnit4ClassRunner$1.evaluate(BlockJUnit4ClassRunner.java:100)
	at org.junit.runners.ParentRunner.runLeaf(ParentRunner.java:366)
	at org.junit.runners.BlockJUnit4ClassRunner.runChild(BlockJUnit4ClassRunner.java:103)
	at org.junit.runners.BlockJUnit4ClassRunner.runChild(BlockJUnit4ClassRunner.java:63)
	at org.junit.runners.ParentRunner$4.run(ParentRunner.java:331)
	at org.junit.runners.ParentRunner$1.schedule(ParentRunner.java:79)
	at org.junit.runners.ParentRunner.runChildren(ParentRunner.java:329)
	at org.junit.runners.ParentRunner.access$100(ParentRunner.java:66)
	at org.junit.runners.ParentRunner$2.evaluate(ParentRunner.java:293)
	at org.junit.runners.ParentRunner$3.evaluate(ParentRunner.java:306)
	at org.junit.runners.ParentRunner.run(ParentRunner.java:413)
	at org.apache.maven.surefire.junit4.JUnit4Provider.execute(JUnit4Provider.java:316)
	at org.apache.maven.surefire.junit4.JUnit4Provider.executeWithRerun(JUnit4Provider.java:240)
	at org.apache.maven.surefire.junit4.JUnit4Provider.executeTestSet(JUnit4Provider.java:214)
	at org.apache.maven.surefire.junit4.JUnit4Provider.invoke(JUnit4Provider.java:155)
	at org.apache.maven.surefire.booter.ForkedBooter.runSuitesInProcess(ForkedBooter.java:385)
	at org.apache.maven.surefire.booter.ForkedBooter.execute(ForkedBooter.java:162)
	at org.apache.maven.surefire.booter.ForkedBooter.run(ForkedBooter.java:507)
	at org.apache.maven.surefire.booter.ForkedBooter.main(ForkedBooter.java:495)
]]></failure>
    <system-out><![CDATA[Vendedor salvo com sucesso!
]]></system-out>
  </testcase>
  <testcase name="SaveProduto" classname="JUnit.TesteAplicacao" time="0.029">
    <system-out><![CDATA[Produto cadastrado com sucesso
]]></system-out>
  </testcase>
</testsuite>